<?xml version="1.0" encoding="UTF-8"?>
<robot generator="Robot 5.0 (Python 3.9.10 on win32)" generated="20220410 00:25:02.043" rpa="false" schemaversion="3">
<suite id="s1" name="Crime" source="C:\Users\new\PycharmProjects\weeklyassignment2\Tests\Crime\FunctionalTestSuite\crime.robot">
<test id="s1-t1" name="Guest Crime Report test" line="10">
<kw name="Open Browser" library="SeleniumLibrary">
<arg>${web_url}</arg>
<arg>chrome</arg>
<doc>Opens a new browser instance to the optional ``url``.</doc>
<msg timestamp="20220410 00:25:03.949" level="INFO">Opening browser 'chrome' to base url 'http://127.0.0.1:5000'.</msg>
<status status="PASS" starttime="20220410 00:25:03.949" endtime="20220410 00:25:49.427"/>
</kw>
<kw name="Maximize Browser Window" library="SeleniumLibrary">
<doc>Maximizes current browser window.</doc>
<status status="PASS" starttime="20220410 00:25:49.427" endtime="20220410 00:25:49.788"/>
</kw>
<kw name="Click Element" library="SeleniumLibrary">
<arg>xpath:/html/body/div/div/div/div/form/table/tbody/tr[6]/td[2]/a</arg>
<doc>Click the element identified by ``locator``.</doc>
<msg timestamp="20220410 00:25:49.788" level="INFO">Clicking element 'xpath:/html/body/div/div/div/div/form/table/tbody/tr[6]/td[2]/a'.</msg>
<status status="PASS" starttime="20220410 00:25:49.788" endtime="20220410 00:25:52.295"/>
</kw>
<kw name="Sleep" library="BuiltIn">
<arg>3s</arg>
<doc>Pauses the test executed for the given time.</doc>
<msg timestamp="20220410 00:25:55.303" level="INFO">Slept 3 seconds</msg>
<status status="PASS" starttime="20220410 00:25:52.295" endtime="20220410 00:25:55.303"/>
</kw>
<kw name="Input Text" library="SeleniumLibrary">
<arg>name:descrip</arg>
<arg>lunchbox robbery had been occured on</arg>
<arg>chennai</arg>
<doc>Types the given ``text`` into the text field identified by ``locator``.</doc>
<msg timestamp="20220410 00:25:55.303" level="INFO">Typing text 'lunchbox robbery had been occured on' into text field 'name:descrip'.</msg>
<status status="PASS" starttime="20220410 00:25:55.303" endtime="20220410 00:25:55.909"/>
</kw>
<kw name="Sleep" library="BuiltIn">
<arg>3s</arg>
<doc>Pauses the test executed for the given time.</doc>
<msg timestamp="20220410 00:25:58.919" level="INFO">Slept 3 seconds</msg>
<status status="PASS" starttime="20220410 00:25:55.909" endtime="20220410 00:25:58.919"/>
</kw>
<kw name="Input Text" library="SeleniumLibrary">
<arg>name:remark</arg>
<arg>robbery</arg>
<doc>Types the given ``text`` into the text field identified by ``locator``.</doc>
<msg timestamp="20220410 00:25:58.919" level="INFO">Typing text 'robbery' into text field 'name:remark'.</msg>
<status status="PASS" starttime="20220410 00:25:58.919" endtime="20220410 00:25:59.284"/>
</kw>
<kw name="Sleep" library="BuiltIn">
<arg>1s</arg>
<doc>Pauses the test executed for the given time.</doc>
<msg timestamp="20220410 00:26:00.285" level="INFO">Slept 1 second</msg>
<status status="PASS" starttime="20220410 00:25:59.284" endtime="20220410 00:26:00.285"/>
</kw>
<kw name="Click Button" library="SeleniumLibrary">
<arg>xpath:/html/body/div/div/div/form/table/tbody/tr[3]/td[2]/button</arg>
<doc>Clicks the button identified by ``locator``.</doc>
<msg timestamp="20220410 00:26:00.285" level="INFO">Clicking button 'xpath:/html/body/div/div/div/form/table/tbody/tr[3]/td[2]/button'.</msg>
<status status="PASS" starttime="20220410 00:26:00.285" endtime="20220410 00:26:01.141"/>
</kw>
<kw name="Sleep" library="BuiltIn">
<arg>1s</arg>
<doc>Pauses the test executed for the given time.</doc>
<msg timestamp="20220410 00:26:02.169" level="INFO">Slept 1 second</msg>
<status status="PASS" starttime="20220410 00:26:01.157" endtime="20220410 00:26:02.169"/>
</kw>
<kw name="Close Browser" library="SeleniumLibrary">
<doc>Closes the current browser.</doc>
<status status="PASS" starttime="20220410 00:26:02.169" endtime="20220410 00:26:08.143"/>
</kw>
<doc>Guest Report</doc>
<tag>guest</tag>
<status status="PASS" starttime="20220410 00:25:03.949" endtime="20220410 00:26:08.143"/>
</test>
<test id="s1-t2" name="Admin Login test" line="26">
<kw name="Open Browser" library="SeleniumLibrary">
<arg>${web_url}</arg>
<arg>chrome</arg>
<doc>Opens a new browser instance to the optional ``url``.</doc>
<msg timestamp="20220410 00:26:08.158" level="INFO">Opening browser 'chrome' to base url 'http://127.0.0.1:5000'.</msg>
<status status="PASS" starttime="20220410 00:26:08.158" endtime="20220410 00:26:19.508"/>
</kw>
<kw name="Maximize Browser Window" library="SeleniumLibrary">
<doc>Maximizes current browser window.</doc>
<status status="PASS" starttime="20220410 00:26:19.508" endtime="20220410 00:26:19.711"/>
</kw>
<kw name="Input Text" library="SeleniumLibrary">
<arg>name:admname</arg>
<arg>admin</arg>
<doc>Types the given ``text`` into the text field identified by ``locator``.</doc>
<msg timestamp="20220410 00:26:19.713" level="INFO">Typing text 'admin' into text field 'name:admname'.</msg>
<status status="PASS" starttime="20220410 00:26:19.712" endtime="20220410 00:26:19.969"/>
</kw>
<kw name="Sleep" library="BuiltIn">
<arg>1s</arg>
<doc>Pauses the test executed for the given time.</doc>
<msg timestamp="20220410 00:26:20.976" level="INFO">Slept 1 second</msg>
<status status="PASS" starttime="20220410 00:26:19.969" endtime="20220410 00:26:20.976"/>
</kw>
<kw name="Input Text" library="SeleniumLibrary">
<arg>name:admpass</arg>
<arg>12345</arg>
<doc>Types the given ``text`` into the text field identified by ``locator``.</doc>
<msg timestamp="20220410 00:26:20.976" level="INFO">Typing text '12345' into text field 'name:admpass'.</msg>
<status status="PASS" starttime="20220410 00:26:20.976" endtime="20220410 00:26:21.243"/>
</kw>
<kw name="Sleep" library="BuiltIn">
<arg>1s</arg>
<doc>Pauses the test executed for the given time.</doc>
<msg timestamp="20220410 00:26:22.253" level="INFO">Slept 1 second</msg>
<status status="PASS" starttime="20220410 00:26:21.243" endtime="20220410 00:26:22.253"/>
</kw>
<kw name="Click Button" library="SeleniumLibrary">
<arg>name:btn1</arg>
<doc>Clicks the button identified by ``locator``.</doc>
<msg timestamp="20220410 00:26:22.253" level="INFO">Clicking button 'name:btn1'.</msg>
<status status="PASS" starttime="20220410 00:26:22.253" endtime="20220410 00:26:22.662"/>
</kw>
<kw name="Sleep" library="BuiltIn">
<arg>1s</arg>
<doc>Pauses the test executed for the given time.</doc>
<msg timestamp="20220410 00:26:23.678" level="INFO">Slept 1 second</msg>
<status status="PASS" starttime="20220410 00:26:22.662" endtime="20220410 00:26:23.678"/>
</kw>
<doc>Admin Login</doc>
<tag>admin</tag>
<status status="PASS" starttime="20220410 00:26:08.143" endtime="20220410 00:26:23.678"/>
</test>
<test id="s1-t3" name="View Report test" line="38">
<kw name="Click Link" library="SeleniumLibrary">
<arg>xpath:/html/body/div[1]/div/div/nav/div/div/ul/li[1]/a</arg>
<doc>Clicks a link identified by ``locator``.</doc>
<msg timestamp="20220410 00:26:23.678" level="INFO">Clicking link 'xpath:/html/body/div[1]/div/div/nav/div/div/ul/li[1]/a'.</msg>
<status status="PASS" starttime="20220410 00:26:23.678" endtime="20220410 00:26:24.020"/>
</kw>
<kw name="Sleep" library="BuiltIn">
<arg>2s</arg>
<doc>Pauses the test executed for the given time.</doc>
<msg timestamp="20220410 00:26:26.026" level="INFO">Slept 2 seconds</msg>
<status status="PASS" starttime="20220410 00:26:24.020" endtime="20220410 00:26:26.026"/>
</kw>
<doc>View Crime Report</doc>
<tag>admin</tag>
<status status="PASS" starttime="20220410 00:26:23.678" endtime="20220410 00:26:26.026"/>
</test>
<test id="s1-t4" name="Filter With Date test" line="44">
<kw name="Click Link" library="SeleniumLibrary">
<arg>xpath:/html/body/div[1]/div/div/nav/div/div/ul/li[2]/a</arg>
<doc>Clicks a link identified by ``locator``.</doc>
<msg timestamp="20220410 00:26:26.026" level="INFO">Clicking link 'xpath:/html/body/div[1]/div/div/nav/div/div/ul/li[2]/a'.</msg>
<status status="PASS" starttime="20220410 00:26:26.026" endtime="20220410 00:26:26.555"/>
</kw>
<kw name="Sleep" library="BuiltIn">
<arg>3s</arg>
<doc>Pauses the test executed for the given time.</doc>
<msg timestamp="20220410 00:26:29.570" level="INFO">Slept 3 seconds</msg>
<status status="PASS" starttime="20220410 00:26:26.563" endtime="20220410 00:26:29.570"/>
</kw>
<kw name="Input Text" library="SeleniumLibrary">
<arg>xpath:/html/body/div[2]/div/form/table/tbody/tr[1]/td[2]/input</arg>
<arg>04/09/2022</arg>
<doc>Types the given ``text`` into the text field identified by ``locator``.</doc>
<msg timestamp="20220410 00:26:29.570" level="INFO">Typing text '04/09/2022' into text field 'xpath:/html/body/div[2]/div/form/table/tbody/tr[1]/td[2]/input'.</msg>
<status status="PASS" starttime="20220410 00:26:29.570" endtime="20220410 00:26:29.906"/>
</kw>
<kw name="Sleep" library="BuiltIn">
<arg>3s</arg>
<doc>Pauses the test executed for the given time.</doc>
<msg timestamp="20220410 00:26:32.918" level="INFO">Slept 3 seconds</msg>
<status status="PASS" starttime="20220410 00:26:29.906" endtime="20220410 00:26:32.918"/>
</kw>
<kw name="Click Button" library="SeleniumLibrary">
<arg>xpath:/html/body/div[2]/div/form/table/tbody/tr[2]/td[2]/button</arg>
<doc>Clicks the button identified by ``locator``.</doc>
<msg timestamp="20220410 00:26:32.918" level="INFO">Clicking button 'xpath:/html/body/div[2]/div/form/table/tbody/tr[2]/td[2]/button'.</msg>
<status status="PASS" starttime="20220410 00:26:32.918" endtime="20220410 00:26:33.963"/>
</kw>
<kw name="sleep 3s">
<msg timestamp="20220410 00:26:33.987" level="FAIL">No keyword with name 'sleep 3s' found. Did you mean:
    BuiltIn.Sleep</msg>
<status status="FAIL" starttime="20220410 00:26:33.987" endtime="20220410 00:26:33.987"/>
</kw>
<doc>Date Sort</doc>
<tag>admin</tag>
<status status="FAIL" starttime="20220410 00:26:26.026" endtime="20220410 00:26:33.995">No keyword with name 'sleep 3s' found. Did you mean:
    BuiltIn.Sleep</status>
</test>
<test id="s1-t5" name="Admin Logout test" line="54">
<kw name="Click Link" library="SeleniumLibrary">
<arg>xpath:/html/body/div[1]/div/div/nav/div/div/ul/li[3]/a</arg>
<doc>Clicks a link identified by ``locator``.</doc>
<msg timestamp="20220410 00:26:34.003" level="INFO">Clicking link 'xpath:/html/body/div[1]/div/div/nav/div/div/ul/li[3]/a'.</msg>
<status status="PASS" starttime="20220410 00:26:34.003" endtime="20220410 00:26:34.859"/>
</kw>
<kw name="Sleep" library="BuiltIn">
<arg>2s</arg>
<doc>Pauses the test executed for the given time.</doc>
<msg timestamp="20220410 00:26:36.876" level="INFO">Slept 2 seconds</msg>
<status status="PASS" starttime="20220410 00:26:34.867" endtime="20220410 00:26:36.876"/>
</kw>
<kw name="Close Browser" library="SeleniumLibrary">
<doc>Closes the current browser.</doc>
<status status="PASS" starttime="20220410 00:26:36.876" endtime="20220410 00:26:40.492"/>
</kw>
<doc>Logout</doc>
<tag>admin</tag>
<status status="PASS" starttime="20220410 00:26:33.995" endtime="20220410 00:26:40.617"/>
</test>
<test id="s1-t6" name="User Registeration test" line="61">
<kw name="Open Browser" library="SeleniumLibrary">
<arg>${web_url}</arg>
<arg>chrome</arg>
<doc>Opens a new browser instance to the optional ``url``.</doc>
<msg timestamp="20220410 00:26:40.617" level="INFO">Opening browser 'chrome' to base url 'http://127.0.0.1:5000'.</msg>
<status status="PASS" starttime="20220410 00:26:40.617" endtime="20220410 00:26:54.872"/>
</kw>
<kw name="Maximize Browser Window" library="SeleniumLibrary">
<doc>Maximizes current browser window.</doc>
<status status="PASS" starttime="20220410 00:26:54.880" endtime="20220410 00:26:55.051"/>
</kw>
<kw name="Click Element" library="SeleniumLibrary">
<arg>xpath:/html/body/div/div/div/div/form/table/tbody/tr[4]/td[2]/a</arg>
<doc>Click the element identified by ``locator``.</doc>
<msg timestamp="20220410 00:26:55.051" level="INFO">Clicking element 'xpath:/html/body/div/div/div/div/form/table/tbody/tr[4]/td[2]/a'.</msg>
<status status="PASS" starttime="20220410 00:26:55.051" endtime="20220410 00:26:55.424"/>
</kw>
<kw name="Sleep" library="BuiltIn">
<arg>1s</arg>
<doc>Pauses the test executed for the given time.</doc>
<msg timestamp="20220410 00:26:56.447" level="INFO">Slept 1 second</msg>
<status status="PASS" starttime="20220410 00:26:55.424" endtime="20220410 00:26:56.447"/>
</kw>
<kw name="Input Text" library="SeleniumLibrary">
<arg>name:username</arg>
<arg>prince</arg>
<doc>Types the given ``text`` into the text field identified by ``locator``.</doc>
<msg timestamp="20220410 00:26:56.447" level="INFO">Typing text 'prince' into text field 'name:username'.</msg>
<status status="PASS" starttime="20220410 00:26:56.447" endtime="20220410 00:26:56.792"/>
</kw>
<kw name="Sleep" library="BuiltIn">
<arg>1s</arg>
<doc>Pauses the test executed for the given time.</doc>
<msg timestamp="20220410 00:26:57.805" level="INFO">Slept 1 second</msg>
<status status="PASS" starttime="20220410 00:26:56.792" endtime="20220410 00:26:57.805"/>
</kw>
<kw name="Input Text" library="SeleniumLibrary">
<arg>name:address</arg>
<arg>goa</arg>
<doc>Types the given ``text`` into the text field identified by ``locator``.</doc>
<msg timestamp="20220410 00:26:57.805" level="INFO">Typing text 'goa' into text field 'name:address'.</msg>
<status status="PASS" starttime="20220410 00:26:57.805" endtime="20220410 00:26:58.027"/>
</kw>
<kw name="Sleep" library="BuiltIn">
<arg>1s</arg>
<doc>Pauses the test executed for the given time.</doc>
<msg timestamp="20220410 00:26:59.031" level="INFO">Slept 1 second</msg>
<status status="PASS" starttime="20220410 00:26:58.027" endtime="20220410 00:26:59.031"/>
</kw>
<kw name="Input Text" library="SeleniumLibrary">
<arg>name:useremail</arg>
<arg>${email}</arg>
<doc>Types the given ``text`` into the text field identified by ``locator``.</doc>
<msg timestamp="20220410 00:26:59.031" level="INFO">Typing text 'sum@gmail.com' into text field 'name:useremail'.</msg>
<status status="PASS" starttime="20220410 00:26:59.031" endtime="20220410 00:26:59.497"/>
</kw>
<kw name="Sleep" library="BuiltIn">
<arg>1s</arg>
<doc>Pauses the test executed for the given time.</doc>
<msg timestamp="20220410 00:27:00.509" level="INFO">Slept 1 second</msg>
<status status="PASS" starttime="20220410 00:26:59.505" endtime="20220410 00:27:00.509"/>
</kw>
<kw name="Input Text" library="SeleniumLibrary">
<arg>name:userphone</arg>
<arg>909097689</arg>
<doc>Types the given ``text`` into the text field identified by ``locator``.</doc>
<msg timestamp="20220410 00:27:00.509" level="INFO">Typing text '909097689' into text field 'name:userphone'.</msg>
<status status="PASS" starttime="20220410 00:27:00.509" endtime="20220410 00:27:00.861"/>
</kw>
<kw name="Sleep" library="BuiltIn">
<arg>1s</arg>
<doc>Pauses the test executed for the given time.</doc>
<msg timestamp="20220410 00:27:01.880" level="INFO">Slept 1 second</msg>
<status status="PASS" starttime="20220410 00:27:00.861" endtime="20220410 00:27:01.880"/>
</kw>
<kw name="Input Text" library="SeleniumLibrary">
<arg>name:userpass</arg>
<arg>${password}</arg>
<doc>Types the given ``text`` into the text field identified by ``locator``.</doc>
<msg timestamp="20220410 00:27:01.880" level="INFO">Typing text '12345678' into text field 'name:userpass'.</msg>
<status status="PASS" starttime="20220410 00:27:01.880" endtime="20220410 00:27:02.133"/>
</kw>
<kw name="Sleep" library="BuiltIn">
<arg>1s</arg>
<doc>Pauses the test executed for the given time.</doc>
<msg timestamp="20220410 00:27:03.148" level="INFO">Slept 1 second</msg>
<status status="PASS" starttime="20220410 00:27:02.133" endtime="20220410 00:27:03.148"/>
</kw>
<kw name="Click Button" library="SeleniumLibrary">
<arg>xpath:/html/body/div/div/div/form/table/tbody/tr[6]/td[2]/button</arg>
<doc>Clicks the button identified by ``locator``.</doc>
<msg timestamp="20220410 00:27:03.148" level="INFO">Clicking button 'xpath:/html/body/div/div/div/form/table/tbody/tr[6]/td[2]/button'.</msg>
<status status="PASS" starttime="20220410 00:27:03.148" endtime="20220410 00:27:04.345"/>
</kw>
<kw name="Sleep" library="BuiltIn">
<arg>1s</arg>
<doc>Pauses the test executed for the given time.</doc>
<msg timestamp="20220410 00:27:05.382" level="INFO">Slept 1 second</msg>
<status status="PASS" starttime="20220410 00:27:04.353" endtime="20220410 00:27:05.382"/>
</kw>
<kw name="Close Browser" library="SeleniumLibrary">
<doc>Closes the current browser.</doc>
<status status="PASS" starttime="20220410 00:27:05.382" endtime="20220410 00:27:08.407"/>
</kw>
<doc>User Register</doc>
<tag>user</tag>
<status status="PASS" starttime="20220410 00:26:40.617" endtime="20220410 00:27:08.407"/>
</test>
<test id="s1-t7" name="User Login test" line="82">
<kw name="Open Browser" library="SeleniumLibrary">
<arg>${web_url}</arg>
<arg>chrome</arg>
<doc>Opens a new browser instance to the optional ``url``.</doc>
<msg timestamp="20220410 00:27:08.407" level="INFO">Opening browser 'chrome' to base url 'http://127.0.0.1:5000'.</msg>
<status status="PASS" starttime="20220410 00:27:08.407" endtime="20220410 00:27:18.648"/>
</kw>
<kw name="Maximize Browser Window" library="SeleniumLibrary">
<doc>Maximizes current browser window.</doc>
<status status="PASS" starttime="20220410 00:27:18.648" endtime="20220410 00:27:18.803"/>
</kw>
<kw name="Click Element" library="SeleniumLibrary">
<arg>xpath:/html/body/div/div/div/div/form/table/tbody/tr[5]/td[2]/a</arg>
<doc>Click the element identified by ``locator``.</doc>
<msg timestamp="20220410 00:27:18.803" level="INFO">Clicking element 'xpath:/html/body/div/div/div/div/form/table/tbody/tr[5]/td[2]/a'.</msg>
<status status="PASS" starttime="20220410 00:27:18.803" endtime="20220410 00:27:19.322"/>
</kw>
<kw name="Sleep" library="BuiltIn">
<arg>1s</arg>
<doc>Pauses the test executed for the given time.</doc>
<msg timestamp="20220410 00:27:20.342" level="INFO">Slept 1 second</msg>
<status status="PASS" starttime="20220410 00:27:19.330" endtime="20220410 00:27:20.342"/>
</kw>
<kw name="Input Text" library="SeleniumLibrary">
<arg>name:useremail</arg>
<arg>${email}</arg>
<doc>Types the given ``text`` into the text field identified by ``locator``.</doc>
<msg timestamp="20220410 00:27:20.342" level="INFO">Typing text 'sum@gmail.com' into text field 'name:useremail'.</msg>
<status status="PASS" starttime="20220410 00:27:20.342" endtime="20220410 00:27:20.604"/>
</kw>
<kw name="Sleep" library="BuiltIn">
<arg>1s</arg>
<doc>Pauses the test executed for the given time.</doc>
<msg timestamp="20220410 00:27:21.608" level="INFO">Slept 1 second</msg>
<status status="PASS" starttime="20220410 00:27:20.604" endtime="20220410 00:27:21.608"/>
</kw>
<kw name="Input Text" library="SeleniumLibrary">
<arg>name:userpass</arg>
<arg>${password}</arg>
<doc>Types the given ``text`` into the text field identified by ``locator``.</doc>
<msg timestamp="20220410 00:27:21.608" level="INFO">Typing text '12345678' into text field 'name:userpass'.</msg>
<status status="PASS" starttime="20220410 00:27:21.608" endtime="20220410 00:27:21.982"/>
</kw>
<kw name="Sleep" library="BuiltIn">
<arg>1s</arg>
<doc>Pauses the test executed for the given time.</doc>
<msg timestamp="20220410 00:27:22.993" level="INFO">Slept 1 second</msg>
<status status="PASS" starttime="20220410 00:27:21.982" endtime="20220410 00:27:22.993"/>
</kw>
<kw name="Click Button" library="SeleniumLibrary">
<arg>xpath:/html/body/div/div/div/form/table/tbody/tr[3]/td[2]/button</arg>
<doc>Clicks the button identified by ``locator``.</doc>
<msg timestamp="20220410 00:27:22.993" level="INFO">Clicking button 'xpath:/html/body/div/div/div/form/table/tbody/tr[3]/td[2]/button'.</msg>
<status status="PASS" starttime="20220410 00:27:22.993" endtime="20220410 00:27:23.740"/>
</kw>
<kw name="Sleep" library="BuiltIn">
<arg>5s</arg>
<doc>Pauses the test executed for the given time.</doc>
<msg timestamp="20220410 00:27:28.764" level="INFO">Slept 5 seconds</msg>
<status status="PASS" starttime="20220410 00:27:23.748" endtime="20220410 00:27:28.764"/>
</kw>
<doc>User Login</doc>
<tag>user</tag>
<status status="PASS" starttime="20220410 00:27:08.407" endtime="20220410 00:27:28.764"/>
</test>
<test id="s1-t8" name="Report Crime test" line="96">
<kw name="Click Element" library="SeleniumLibrary">
<arg>xpath:/html/body/div/div/div/nav/div/div/ul/li[1]/a</arg>
<doc>Click the element identified by ``locator``.</doc>
<msg timestamp="20220410 00:27:28.764" level="INFO">Clicking element 'xpath:/html/body/div/div/div/nav/div/div/ul/li[1]/a'.</msg>
<status status="PASS" starttime="20220410 00:27:28.764" endtime="20220410 00:27:29.113"/>
</kw>
<kw name="Sleep" library="BuiltIn">
<arg>1s</arg>
<doc>Pauses the test executed for the given time.</doc>
<msg timestamp="20220410 00:27:30.116" level="INFO">Slept 1 second</msg>
<status status="PASS" starttime="20220410 00:27:29.113" endtime="20220410 00:27:30.116"/>
</kw>
<kw name="Input Text" library="SeleniumLibrary">
<arg>name:descrip</arg>
<arg>Theft</arg>
<doc>Types the given ``text`` into the text field identified by ``locator``.</doc>
<msg timestamp="20220410 00:27:30.116" level="INFO">Typing text 'Theft' into text field 'name:descrip'.</msg>
<status status="PASS" starttime="20220410 00:27:30.116" endtime="20220410 00:27:30.361"/>
</kw>
<kw name="Sleep" library="BuiltIn">
<arg>3s</arg>
<doc>Pauses the test executed for the given time.</doc>
<msg timestamp="20220410 00:27:33.368" level="INFO">Slept 3 seconds</msg>
<status status="PASS" starttime="20220410 00:27:30.361" endtime="20220410 00:27:33.368"/>
</kw>
<kw name="Input Text" library="SeleniumLibrary">
<arg>name:remark</arg>
<arg>spoon</arg>
<doc>Types the given ``text`` into the text field identified by ``locator``.</doc>
<msg timestamp="20220410 00:27:33.368" level="INFO">Typing text 'spoon' into text field 'name:remark'.</msg>
<status status="PASS" starttime="20220410 00:27:33.368" endtime="20220410 00:27:33.576"/>
</kw>
<kw name="Sleep" library="BuiltIn">
<arg>1s</arg>
<doc>Pauses the test executed for the given time.</doc>
<msg timestamp="20220410 00:27:34.588" level="INFO">Slept 1 second</msg>
<status status="PASS" starttime="20220410 00:27:33.576" endtime="20220410 00:27:34.588"/>
</kw>
<kw name="Click Button" library="SeleniumLibrary">
<arg>xpath:/html/body/div/div/div/form/table/tbody/tr[3]/td[2]/button</arg>
<doc>Clicks the button identified by ``locator``.</doc>
<msg timestamp="20220410 00:27:34.588" level="INFO">Clicking button 'xpath:/html/body/div/div/div/form/table/tbody/tr[3]/td[2]/button'.</msg>
<status status="PASS" starttime="20220410 00:27:34.588" endtime="20220410 00:27:35.153"/>
</kw>
<kw name="Sleep" library="BuiltIn">
<arg>1s</arg>
<doc>Pauses the test executed for the given time.</doc>
<msg timestamp="20220410 00:27:36.166" level="INFO">Slept 1 second</msg>
<status status="PASS" starttime="20220410 00:27:35.153" endtime="20220410 00:27:36.166"/>
</kw>
<kw name="Close Browser" library="SeleniumLibrary">
<doc>Closes the current browser.</doc>
<status status="PASS" starttime="20220410 00:27:36.167" endtime="20220410 00:27:39.070"/>
</kw>
<doc>Report Crime</doc>
<tag>user</tag>
<status status="PASS" starttime="20220410 00:27:28.764" endtime="20220410 00:27:39.070"/>
</test>
<test id="s1-t9" name="Edit User Profile test" line="109">
<kw name="Open Browser" library="SeleniumLibrary">
<arg>${web_url}</arg>
<arg>chrome</arg>
<doc>Opens a new browser instance to the optional ``url``.</doc>
<msg timestamp="20220410 00:27:39.086" level="INFO">Opening browser 'chrome' to base url 'http://127.0.0.1:5000'.</msg>
<status status="PASS" starttime="20220410 00:27:39.086" endtime="20220410 00:27:55.377"/>
</kw>
<kw name="Maximize Browser Window" library="SeleniumLibrary">
<doc>Maximizes current browser window.</doc>
<status status="PASS" starttime="20220410 00:27:55.377" endtime="20220410 00:27:55.586"/>
</kw>
<kw name="Click Element" library="SeleniumLibrary">
<arg>xpath:/html/body/div/div/div/div/form/table/tbody/tr[5]/td[2]/a</arg>
<doc>Click the element identified by ``locator``.</doc>
<msg timestamp="20220410 00:27:55.586" level="INFO">Clicking element 'xpath:/html/body/div/div/div/div/form/table/tbody/tr[5]/td[2]/a'.</msg>
<status status="PASS" starttime="20220410 00:27:55.586" endtime="20220410 00:27:56.060"/>
</kw>
<kw name="Sleep" library="BuiltIn">
<arg>1s</arg>
<doc>Pauses the test executed for the given time.</doc>
<msg timestamp="20220410 00:27:57.072" level="INFO">Slept 1 second</msg>
<status status="PASS" starttime="20220410 00:27:56.060" endtime="20220410 00:27:57.072"/>
</kw>
<kw name="Input Text" library="SeleniumLibrary">
<arg>name:useremail</arg>
<arg>${email}</arg>
<doc>Types the given ``text`` into the text field identified by ``locator``.</doc>
<msg timestamp="20220410 00:27:57.072" level="INFO">Typing text 'sum@gmail.com' into text field 'name:useremail'.</msg>
<status status="PASS" starttime="20220410 00:27:57.072" endtime="20220410 00:27:57.357"/>
</kw>
<kw name="Sleep" library="BuiltIn">
<arg>1s</arg>
<doc>Pauses the test executed for the given time.</doc>
<msg timestamp="20220410 00:27:58.371" level="INFO">Slept 1 second</msg>
<status status="PASS" starttime="20220410 00:27:57.357" endtime="20220410 00:27:58.371"/>
</kw>
<kw name="Input Text" library="SeleniumLibrary">
<arg>name:userpass</arg>
<arg>${password}</arg>
<doc>Types the given ``text`` into the text field identified by ``locator``.</doc>
<msg timestamp="20220410 00:27:58.371" level="INFO">Typing text '12345678' into text field 'name:userpass'.</msg>
<status status="PASS" starttime="20220410 00:27:58.371" endtime="20220410 00:27:58.630"/>
</kw>
<kw name="Sleep" library="BuiltIn">
<arg>1s</arg>
<doc>Pauses the test executed for the given time.</doc>
<msg timestamp="20220410 00:27:59.639" level="INFO">Slept 1 second</msg>
<status status="PASS" starttime="20220410 00:27:58.630" endtime="20220410 00:27:59.639"/>
</kw>
<kw name="Click Button" library="SeleniumLibrary">
<arg>xpath:/html/body/div/div/div/form/table/tbody/tr[3]/td[2]/button</arg>
<doc>Clicks the button identified by ``locator``.</doc>
<msg timestamp="20220410 00:27:59.639" level="INFO">Clicking button 'xpath:/html/body/div/div/div/form/table/tbody/tr[3]/td[2]/button'.</msg>
<status status="PASS" starttime="20220410 00:27:59.639" endtime="20220410 00:28:00.199"/>
</kw>
<kw name="Sleep" library="BuiltIn">
<arg>5s</arg>
<doc>Pauses the test executed for the given time.</doc>
<msg timestamp="20220410 00:28:05.212" level="INFO">Slept 5 seconds</msg>
<status status="PASS" starttime="20220410 00:28:00.199" endtime="20220410 00:28:05.212"/>
</kw>
<kw name="Click Element" library="SeleniumLibrary">
<arg>xpath:/html/body/div/div/div/nav/div/div/ul/li[2]/a</arg>
<doc>Click the element identified by ``locator``.</doc>
<msg timestamp="20220410 00:28:05.212" level="INFO">Clicking element 'xpath:/html/body/div/div/div/nav/div/div/ul/li[2]/a'.</msg>
<status status="PASS" starttime="20220410 00:28:05.212" endtime="20220410 00:28:05.566"/>
</kw>
<kw name="Sleep" library="BuiltIn">
<arg>2s</arg>
<doc>Pauses the test executed for the given time.</doc>
<msg timestamp="20220410 00:28:07.574" level="INFO">Slept 2 seconds</msg>
<status status="PASS" starttime="20220410 00:28:05.566" endtime="20220410 00:28:07.574"/>
</kw>
<kw name="Input Text" library="SeleniumLibrary">
<arg>name:newname</arg>
<arg>sumanth</arg>
<doc>Types the given ``text`` into the text field identified by ``locator``.</doc>
<msg timestamp="20220410 00:28:07.574" level="INFO">Typing text 'sumanth' into text field 'name:newname'.</msg>
<status status="PASS" starttime="20220410 00:28:07.574" endtime="20220410 00:28:08.087"/>
</kw>
<kw name="Sleep" library="BuiltIn">
<arg>3s</arg>
<doc>Pauses the test executed for the given time.</doc>
<msg timestamp="20220410 00:28:11.096" level="INFO">Slept 3 seconds</msg>
<status status="PASS" starttime="20220410 00:28:08.095" endtime="20220410 00:28:11.096"/>
</kw>
<kw name="Click Button" library="SeleniumLibrary">
<arg>xpath:/html/body/div[2]/div/div/form[1]/table/tbody/tr[2]/td[2]/button</arg>
<doc>Clicks the button identified by ``locator``.</doc>
<msg timestamp="20220410 00:28:11.096" level="INFO">Clicking button 'xpath:/html/body/div[2]/div/div/form[1]/table/tbody/tr[2]/td[2]/button'.</msg>
<status status="PASS" starttime="20220410 00:28:11.096" endtime="20220410 00:28:11.571"/>
</kw>
<kw name="Sleep" library="BuiltIn">
<arg>1s</arg>
<doc>Pauses the test executed for the given time.</doc>
<msg timestamp="20220410 00:28:12.576" level="INFO">Slept 1 second</msg>
<status status="PASS" starttime="20220410 00:28:11.571" endtime="20220410 00:28:12.576"/>
</kw>
<kw name="Input Text" library="SeleniumLibrary">
<arg>name:newphone</arg>
<arg>987544141</arg>
<doc>Types the given ``text`` into the text field identified by ``locator``.</doc>
<msg timestamp="20220410 00:28:12.576" level="INFO">Typing text '987544141' into text field 'name:newphone'.</msg>
<status status="PASS" starttime="20220410 00:28:12.576" endtime="20220410 00:28:12.800"/>
</kw>
<kw name="Sleep" library="BuiltIn">
<arg>1s</arg>
<doc>Pauses the test executed for the given time.</doc>
<msg timestamp="20220410 00:28:13.814" level="INFO">Slept 1 second</msg>
<status status="PASS" starttime="20220410 00:28:12.800" endtime="20220410 00:28:13.814"/>
</kw>
<kw name="Click Button" library="SeleniumLibrary">
<arg>xpath:/html/body/div[2]/div/div/form[2]/table/tbody/tr[6]/td[2]/button</arg>
<doc>Clicks the button identified by ``locator``.</doc>
<msg timestamp="20220410 00:28:13.817" level="INFO">Clicking button 'xpath:/html/body/div[2]/div/div/form[2]/table/tbody/tr[6]/td[2]/button'.</msg>
<status status="PASS" starttime="20220410 00:28:13.817" endtime="20220410 00:28:16.886"/>
</kw>
<kw name="Sleep" library="BuiltIn">
<arg>3s</arg>
<doc>Pauses the test executed for the given time.</doc>
<msg timestamp="20220410 00:28:19.896" level="INFO">Slept 3 seconds</msg>
<status status="PASS" starttime="20220410 00:28:16.894" endtime="20220410 00:28:19.896"/>
</kw>
<doc>Edit details</doc>
<tag>user</tag>
<status status="PASS" starttime="20220410 00:27:39.086" endtime="20220410 00:28:19.896"/>
</test>
<test id="s1-t10" name="User Logout test" line="133">
<kw name="Click Link" library="SeleniumLibrary">
<arg>xpath:/html/body/div/div/div/nav/div/div/ul/li[3]/a</arg>
<doc>Clicks a link identified by ``locator``.</doc>
<msg timestamp="20220410 00:28:19.896" level="INFO">Clicking link 'xpath:/html/body/div/div/div/nav/div/div/ul/li[3]/a'.</msg>
<status status="PASS" starttime="20220410 00:28:19.896" endtime="20220410 00:28:20.247"/>
</kw>
<kw name="Sleep" library="BuiltIn">
<arg>2s</arg>
<doc>Pauses the test executed for the given time.</doc>
<msg timestamp="20220410 00:28:22.261" level="INFO">Slept 2 seconds</msg>
<status status="PASS" starttime="20220410 00:28:20.247" endtime="20220410 00:28:22.261"/>
</kw>
<kw name="Close Browser" library="SeleniumLibrary">
<doc>Closes the current browser.</doc>
<status status="PASS" starttime="20220410 00:28:22.261" endtime="20220410 00:28:24.968"/>
</kw>
<doc>User LogOut</doc>
<tag>user</tag>
<status status="PASS" starttime="20220410 00:28:19.896" endtime="20220410 00:28:24.968"/>
</test>
<status status="FAIL" starttime="20220410 00:25:02.043" endtime="20220410 00:28:25.015"/>
</suite>
<statistics>
<total>
<stat pass="9" fail="1" skip="0">All Tests</stat>
</total>
<tag>
<stat pass="3" fail="1" skip="0">admin</stat>
<stat pass="1" fail="0" skip="0">guest</stat>
<stat pass="5" fail="0" skip="0">user</stat>
</tag>
<suite>
<stat pass="9" fail="1" skip="0" id="s1" name="Crime">Crime</stat>
</suite>
</statistics>
<errors>
</errors>
</robot>
