<?xml version="1.0" encoding="UTF-8"?>
<robot generator="Robot 5.0 (Python 3.9.10 on win32)" generated="20220409 19:18:57.492" rpa="false" schemaversion="3">
<suite id="s1" name="User" source="C:\Users\new\PycharmProjects\weeklyassignment2\Tests\CrimeManagement\FunctionalTestSuite\user.robot">
<test id="s1-t1" name="User Registeration test" line="10">
<kw name="Open Browser" library="SeleniumLibrary">
<arg>${web_url}</arg>
<arg>chrome</arg>
<doc>Opens a new browser instance to the optional ``url``.</doc>
<msg timestamp="20220409 19:18:59.544" level="INFO">Opening browser 'chrome' to base url 'http://127.0.0.1:5000'.</msg>
<status status="PASS" starttime="20220409 19:18:59.544" endtime="20220409 19:19:31.743"/>
</kw>
<kw name="Maximize Browser Window" library="SeleniumLibrary">
<doc>Maximizes current browser window.</doc>
<status status="PASS" starttime="20220409 19:19:31.743" endtime="20220409 19:19:32.307"/>
</kw>
<kw name="Input Text" library="SeleniumLibrary">
<arg>name:name</arg>
<arg>sumanth</arg>
<doc>Types the given ``text`` into the text field identified by ``locator``.</doc>
<msg timestamp="20220409 19:19:32.307" level="INFO">Typing text 'sumanth' into text field 'name:name'.</msg>
<msg timestamp="20220409 19:19:32.827" level="INFO" html="true">&lt;/td&gt;&lt;/tr&gt;&lt;tr&gt;&lt;td colspan="3"&gt;&lt;a href="selenium-screenshot-6.png"&gt;&lt;img src="selenium-screenshot-6.png" width="800px"&gt;&lt;/a&gt;</msg>
<msg timestamp="20220409 19:19:32.839" level="FAIL">Element with locator 'name:name' not found.</msg>
<status status="FAIL" starttime="20220409 19:19:32.307" endtime="20220409 19:19:32.990"/>
</kw>
<kw name="Sleep" library="BuiltIn">
<arg>1s</arg>
<doc>Pauses the test executed for the given time.</doc>
<status status="NOT RUN" starttime="20220409 19:19:32.990" endtime="20220409 19:19:32.990"/>
</kw>
<kw name="Input Text" library="SeleniumLibrary">
<arg>name:address</arg>
<arg>1/100 ONALVADI,HOSUR,KRISHNAGIRI</arg>
<doc>Types the given ``text`` into the text field identified by ``locator``.</doc>
<status status="NOT RUN" starttime="20220409 19:19:32.990" endtime="20220409 19:19:32.990"/>
</kw>
<kw name="Sleep" library="BuiltIn">
<arg>1s</arg>
<doc>Pauses the test executed for the given time.</doc>
<status status="NOT RUN" starttime="20220409 19:19:32.990" endtime="20220409 19:19:32.990"/>
</kw>
<kw name="Input Text" library="SeleniumLibrary">
<arg>name:email</arg>
<arg>${email}</arg>
<doc>Types the given ``text`` into the text field identified by ``locator``.</doc>
<status status="NOT RUN" starttime="20220409 19:19:32.990" endtime="20220409 19:19:32.990"/>
</kw>
<kw name="Sleep" library="BuiltIn">
<arg>1s</arg>
<doc>Pauses the test executed for the given time.</doc>
<status status="NOT RUN" starttime="20220409 19:19:32.990" endtime="20220409 19:19:32.990"/>
</kw>
<kw name="Input Text" library="SeleniumLibrary">
<arg>name:phone</arg>
<arg>9677312849</arg>
<doc>Types the given ``text`` into the text field identified by ``locator``.</doc>
<status status="NOT RUN" starttime="20220409 19:19:32.990" endtime="20220409 19:19:32.990"/>
</kw>
<kw name="Sleep" library="BuiltIn">
<arg>1s</arg>
<doc>Pauses the test executed for the given time.</doc>
<status status="NOT RUN" starttime="20220409 19:19:33.005" endtime="20220409 19:19:33.005"/>
</kw>
<kw name="Input Text" library="SeleniumLibrary">
<arg>name:password</arg>
<arg>${password}</arg>
<doc>Types the given ``text`` into the text field identified by ``locator``.</doc>
<status status="NOT RUN" starttime="20220409 19:19:33.005" endtime="20220409 19:19:33.005"/>
</kw>
<kw name="Sleep" library="BuiltIn">
<arg>1s</arg>
<doc>Pauses the test executed for the given time.</doc>
<status status="NOT RUN" starttime="20220409 19:19:33.005" endtime="20220409 19:19:33.005"/>
</kw>
<kw name="Click Button" library="SeleniumLibrary">
<arg>xpath=//html/body/div/div/div/form/table/tbody/tr[6]/td[2]/button</arg>
<doc>Clicks the button identified by ``locator``.</doc>
<status status="NOT RUN" starttime="20220409 19:19:33.005" endtime="20220409 19:19:33.005"/>
</kw>
<kw name="Sleep" library="BuiltIn">
<arg>1s</arg>
<doc>Pauses the test executed for the given time.</doc>
<status status="NOT RUN" starttime="20220409 19:19:33.005" endtime="20220409 19:19:33.005"/>
</kw>
<doc>Can user able to register?</doc>
<tag>user</tag>
<status status="FAIL" starttime="20220409 19:18:59.544" endtime="20220409 19:19:33.005">Element with locator 'name:name' not found.</status>
</test>
<test id="s1-t2" name="User Login test" line="28">
<kw name="Input Text" library="SeleniumLibrary">
<arg>name:email</arg>
<arg>${email}</arg>
<doc>Types the given ``text`` into the text field identified by ``locator``.</doc>
<msg timestamp="20220409 19:19:33.027" level="INFO">Typing text 'sumanthravi11111@gmail.com' into text field 'name:email'.</msg>
<msg timestamp="20220409 19:19:33.280" level="INFO" html="true">&lt;/td&gt;&lt;/tr&gt;&lt;tr&gt;&lt;td colspan="3"&gt;&lt;a href="selenium-screenshot-7.png"&gt;&lt;img src="selenium-screenshot-7.png" width="800px"&gt;&lt;/a&gt;</msg>
<msg timestamp="20220409 19:19:33.280" level="FAIL">Element with locator 'name:email' not found.</msg>
<status status="FAIL" starttime="20220409 19:19:33.027" endtime="20220409 19:19:33.288"/>
</kw>
<kw name="Sleep" library="BuiltIn">
<arg>1s</arg>
<doc>Pauses the test executed for the given time.</doc>
<status status="NOT RUN" starttime="20220409 19:19:33.290" endtime="20220409 19:19:33.290"/>
</kw>
<kw name="Input Text" library="SeleniumLibrary">
<arg>name:password</arg>
<arg>${password}</arg>
<doc>Types the given ``text`` into the text field identified by ``locator``.</doc>
<status status="NOT RUN" starttime="20220409 19:19:33.290" endtime="20220409 19:19:33.290"/>
</kw>
<kw name="Sleep" library="BuiltIn">
<arg>1s</arg>
<doc>Pauses the test executed for the given time.</doc>
<status status="NOT RUN" starttime="20220409 19:19:33.290" endtime="20220409 19:19:33.290"/>
</kw>
<kw name="Click Button" library="SeleniumLibrary">
<arg>xpath=//html/body/div/div/div/form/table/tbody/tr[3]/td[2]/button</arg>
<doc>Clicks the button identified by ``locator``.</doc>
<status status="NOT RUN" starttime="20220409 19:19:33.290" endtime="20220409 19:19:33.290"/>
</kw>
<kw name="Sleep" library="BuiltIn">
<arg>5s</arg>
<doc>Pauses the test executed for the given time.</doc>
<status status="NOT RUN" starttime="20220409 19:19:33.290" endtime="20220409 19:19:33.290"/>
</kw>
<doc>Once Registered,user can able to login?</doc>
<tag>user</tag>
<status status="FAIL" starttime="20220409 19:19:33.021" endtime="20220409 19:19:33.290">Element with locator 'name:email' not found.</status>
</test>
<test id="s1-t3" name="Report Crime test" line="38">
<kw name="Click Link" library="SeleniumLibrary">
<arg>xpath=//html/body/nav/a[1]</arg>
<doc>Clicks a link identified by ``locator``.</doc>
<msg timestamp="20220409 19:19:33.300" level="INFO">Clicking link 'xpath=//html/body/nav/a[1]'.</msg>
<msg timestamp="20220409 19:19:33.579" level="INFO" html="true">&lt;/td&gt;&lt;/tr&gt;&lt;tr&gt;&lt;td colspan="3"&gt;&lt;a href="selenium-screenshot-8.png"&gt;&lt;img src="selenium-screenshot-8.png" width="800px"&gt;&lt;/a&gt;</msg>
<msg timestamp="20220409 19:19:33.579" level="FAIL">Link with locator 'xpath=//html/body/nav/a[1]' not found.</msg>
<status status="FAIL" starttime="20220409 19:19:33.300" endtime="20220409 19:19:33.590"/>
</kw>
<kw name="Sleep" library="BuiltIn">
<arg>1s</arg>
<doc>Pauses the test executed for the given time.</doc>
<status status="NOT RUN" starttime="20220409 19:19:33.590" endtime="20220409 19:19:33.590"/>
</kw>
<kw name="Input Text" library="SeleniumLibrary">
<arg>name:date</arg>
<arg>15</arg>
<doc>Types the given ``text`` into the text field identified by ``locator``.</doc>
<status status="NOT RUN" starttime="20220409 19:19:33.590" endtime="20220409 19:19:33.590"/>
</kw>
<kw name="Sleep" library="BuiltIn">
<arg>1s</arg>
<doc>Pauses the test executed for the given time.</doc>
<status status="NOT RUN" starttime="20220409 19:19:33.590" endtime="20220409 19:19:33.590"/>
</kw>
<kw name="Input Text" library="SeleniumLibrary">
<arg>name:remark</arg>
<arg>lost my lunchbox</arg>
<doc>Types the given ``text`` into the text field identified by ``locator``.</doc>
<status status="NOT RUN" starttime="20220409 19:19:33.598" endtime="20220409 19:19:33.598"/>
</kw>
<kw name="Sleep" library="BuiltIn">
<arg>1s</arg>
<doc>Pauses the test executed for the given time.</doc>
<status status="NOT RUN" starttime="20220409 19:19:33.598" endtime="20220409 19:19:33.598"/>
</kw>
<kw name="Input Text" library="SeleniumLibrary">
<arg>name:description</arg>
<arg>NA</arg>
<doc>Types the given ``text`` into the text field identified by ``locator``.</doc>
<status status="NOT RUN" starttime="20220409 19:19:33.600" endtime="20220409 19:19:33.600"/>
</kw>
<kw name="Sleep" library="BuiltIn">
<arg>3s</arg>
<doc>Pauses the test executed for the given time.</doc>
<status status="NOT RUN" starttime="20220409 19:19:33.600" endtime="20220409 19:19:33.600"/>
</kw>
<kw name="Click Button" library="SeleniumLibrary">
<arg>xpath=//html/body/div/div/div/form/table/tbody/tr[4]/td[2]/center/button</arg>
<doc>Clicks the button identified by ``locator``.</doc>
<status status="NOT RUN" starttime="20220409 19:19:33.600" endtime="20220409 19:19:33.600"/>
</kw>
<kw name="Sleep" library="BuiltIn">
<arg>1s</arg>
<doc>Pauses the test executed for the given time.</doc>
<status status="NOT RUN" starttime="20220409 19:19:33.600" endtime="20220409 19:19:33.600"/>
</kw>
<doc>Can Register able to report crime?</doc>
<tag>user</tag>
<status status="FAIL" starttime="20220409 19:19:33.298" endtime="20220409 19:19:33.600">Link with locator 'xpath=//html/body/nav/a[1]' not found.</status>
</test>
<test id="s1-t4" name="Edit User Profile test" line="52">
<kw name="Click Link" library="SeleniumLibrary">
<arg>xpath=//html/body/nav/a[2]</arg>
<doc>Clicks a link identified by ``locator``.</doc>
<msg timestamp="20220409 19:19:33.610" level="INFO">Clicking link 'xpath=//html/body/nav/a[2]'.</msg>
<msg timestamp="20220409 19:19:33.842" level="INFO" html="true">&lt;/td&gt;&lt;/tr&gt;&lt;tr&gt;&lt;td colspan="3"&gt;&lt;a href="selenium-screenshot-9.png"&gt;&lt;img src="selenium-screenshot-9.png" width="800px"&gt;&lt;/a&gt;</msg>
<msg timestamp="20220409 19:19:33.842" level="FAIL">Link with locator 'xpath=//html/body/nav/a[2]' not found.</msg>
<status status="FAIL" starttime="20220409 19:19:33.610" endtime="20220409 19:19:33.858"/>
</kw>
<kw name="Sleep" library="BuiltIn">
<arg>1s</arg>
<doc>Pauses the test executed for the given time.</doc>
<status status="NOT RUN" starttime="20220409 19:19:33.858" endtime="20220409 19:19:33.858"/>
</kw>
<kw name="Input Text" library="SeleniumLibrary">
<arg>name:email</arg>
<arg>${email}</arg>
<doc>Types the given ``text`` into the text field identified by ``locator``.</doc>
<status status="NOT RUN" starttime="20220409 19:19:33.858" endtime="20220409 19:19:33.858"/>
</kw>
<kw name="Sleep" library="BuiltIn">
<arg>1s</arg>
<doc>Pauses the test executed for the given time.</doc>
<status status="NOT RUN" starttime="20220409 19:19:33.858" endtime="20220409 19:19:33.858"/>
</kw>
<kw name="Click Button" library="SeleniumLibrary">
<arg>xpath=//html/body/div/div/div/form[1]/table/tbody/tr[2]/td[2]/center/button</arg>
<doc>Clicks the button identified by ``locator``.</doc>
<status status="NOT RUN" starttime="20220409 19:19:33.858" endtime="20220409 19:19:33.858"/>
</kw>
<kw name="Sleep" library="BuiltIn">
<arg>2s</arg>
<doc>Pauses the test executed for the given time.</doc>
<status status="NOT RUN" starttime="20220409 19:19:33.858" endtime="20220409 19:19:33.858"/>
</kw>
<kw name="Input Text" library="SeleniumLibrary">
<arg>name:name</arg>
<arg>sumanth</arg>
<doc>Types the given ``text`` into the text field identified by ``locator``.</doc>
<status status="NOT RUN" starttime="20220409 19:19:33.858" endtime="20220409 19:19:33.858"/>
</kw>
<kw name="Sleep" library="BuiltIn">
<arg>3s</arg>
<doc>Pauses the test executed for the given time.</doc>
<status status="NOT RUN" starttime="20220409 19:19:33.858" endtime="20220409 19:19:33.858"/>
</kw>
<kw name="Click Button" library="SeleniumLibrary">
<arg>xpath=//html/body/div/div/div/form[2]/table/tbody/tr[6]/td[2]/button</arg>
<doc>Clicks the button identified by ``locator``.</doc>
<status status="NOT RUN" starttime="20220409 19:19:33.858" endtime="20220409 19:19:33.858"/>
</kw>
<kw name="Sleep" library="BuiltIn">
<arg>1s</arg>
<doc>Pauses the test executed for the given time.</doc>
<status status="NOT RUN" starttime="20220409 19:19:33.858" endtime="20220409 19:19:33.858"/>
</kw>
<doc>Register can view and modify account info?</doc>
<tag>user</tag>
<status status="FAIL" starttime="20220409 19:19:33.608" endtime="20220409 19:19:33.858">Link with locator 'xpath=//html/body/nav/a[2]' not found.</status>
</test>
<test id="s1-t5" name="User Logout test" line="66">
<kw name="Click Link" library="SeleniumLibrary">
<arg>xpath=//html/body/nav/a[3]</arg>
<doc>Clicks a link identified by ``locator``.</doc>
<msg timestamp="20220409 19:19:33.873" level="INFO">Clicking link 'xpath=//html/body/nav/a[3]'.</msg>
<msg timestamp="20220409 19:19:34.521" level="INFO" html="true">&lt;/td&gt;&lt;/tr&gt;&lt;tr&gt;&lt;td colspan="3"&gt;&lt;a href="selenium-screenshot-10.png"&gt;&lt;img src="selenium-screenshot-10.png" width="800px"&gt;&lt;/a&gt;</msg>
<msg timestamp="20220409 19:19:34.521" level="FAIL">Link with locator 'xpath=//html/body/nav/a[3]' not found.</msg>
<status status="FAIL" starttime="20220409 19:19:33.873" endtime="20220409 19:19:34.525"/>
</kw>
<kw name="Sleep" library="BuiltIn">
<arg>2s</arg>
<doc>Pauses the test executed for the given time.</doc>
<status status="NOT RUN" starttime="20220409 19:19:34.525" endtime="20220409 19:19:34.525"/>
</kw>
<kw name="Close Browser" library="SeleniumLibrary">
<doc>Closes the current browser.</doc>
<status status="NOT RUN" starttime="20220409 19:19:34.525" endtime="20220409 19:19:34.525"/>
</kw>
<doc>Is Register not able to access after logout</doc>
<tag>user</tag>
<status status="FAIL" starttime="20220409 19:19:33.858" endtime="20220409 19:19:34.529">Link with locator 'xpath=//html/body/nav/a[3]' not found.</status>
</test>
<status status="FAIL" starttime="20220409 19:18:57.492" endtime="20220409 19:19:34.529"/>
</suite>
<statistics>
<total>
<stat pass="0" fail="5" skip="0">All Tests</stat>
</total>
<tag>
<stat pass="0" fail="5" skip="0">user</stat>
</tag>
<suite>
<stat pass="0" fail="5" skip="0" id="s1" name="User">User</stat>
</suite>
</statistics>
<errors>
</errors>
</robot>
